<?xml version="1.0" encoding="UTF-8"?>
<!-- Generated by org.testng.reporters.JUnitXMLReporter -->
<testsuite ignored="0" hostname="DESKTOP-FI1EJ2S" failures="0" tests="1" name="Test-Runner-Edge" time="104.839" errors="0" timestamp="2023-11-01T11:58:32 IST">
  <testcase classname="praticeTestNG.CreateContactCrossBrowserTest" name="createContact" time="104.605"/>
</testsuite> <!-- Test-Runner-Edge -->
