<?xml version="1.0" encoding="UTF-8"?>
<!-- Generated by org.testng.reporters.JUnitXMLReporter -->
<testsuite ignored="0" hostname="DESKTOP-FI1EJ2S" failures="0" tests="1" name="Test-Runner-1" time="188.82" errors="0" timestamp="2023-11-01T11:17:36 IST">
  <testcase classname="contactsTest.CreateContactTest" name="createContact" time="105.233"/>
</testsuite> <!-- Test-Runner-1 -->
