<?xml version="1.0" encoding="UTF-8"?>
<!-- Generated by org.testng.reporters.JUnitXMLReporter -->
<testsuite ignored="0" hostname="DESKTOP-FI1EJ2S" failures="0" tests="1" name="Test-Runner-Chrome" time="107.145" errors="0" timestamp="2023-11-01T11:58:35 IST">
  <testcase classname="praticeTestNG.CreateContactCrossBrowserTest" name="createContact" time="106.976"/>
</testsuite> <!-- Test-Runner-Chrome -->
