<?xml version="1.0" encoding="UTF-8"?>
<!-- Generated by org.testng.reporters.JUnitXMLReporter -->
<testsuite ignored="0" hostname="DESKTOP-FI1EJ2S" failures="0" tests="1" name="Test-Runner-2" time="221.56" errors="0" timestamp="2023-11-01T11:18:09 IST">
  <testcase classname="contactsTest.CreateContactWithOrgTest" name="createContactWithOrg" time="137.342"/>
</testsuite> <!-- Test-Runner-2 -->
