<?xml version="1.0" encoding="UTF-8"?>
<!-- Generated by org.testng.reporters.JUnitReportReporter -->
<testsuite hostname="DESKTOP-FI1EJ2S" failures="0" tests="1" name="praticeTestNG.CreateContactTest1" time="44.761" errors="0" timestamp="2023-10-31T11:57:43 IST" skipped="0">
  <testcase classname="praticeTestNG.CreateContactTest1" name="createContactTest" time="44.761"/>
</testsuite> <!-- praticeTestNG.CreateContactTest1 -->
