<?xml version="1.0" encoding="UTF-8"?>
<!-- Generated by org.testng.reporters.JUnitReportReporter -->
<testsuite hostname="DESKTOP-FI1EJ2S" failures="0" tests="1" name="praticeTestNG.CreateContactWithOrgTest" time="112.592" errors="0" timestamp="2023-10-19T11:48:44 IST" skipped="0">
  <testcase classname="praticeTestNG.CreateContactWithOrgTest" name="createContWithOrgTest" time="112.592"/>
</testsuite> <!-- praticeTestNG.CreateContactWithOrgTest -->
