<?xml version="1.0" encoding="UTF-8"?>
<!-- Generated by org.testng.reporters.JUnitReportReporter -->
<testsuite hostname="DESKTOP-FI1EJ2S" failures="0" tests="5" name="praticeTestNG.TestNGPractice" time="0.081" errors="0" timestamp="2023-11-08T11:27:30 IST" skipped="1">
  <testcase classname="praticeTestNG.TestNGPractice" name="sample2Test" time="0.044"/>
  <testcase classname="praticeTestNG.TestNGPractice" name="sample3Test" time="0.011"/>
  <testcase classname="praticeTestNG.TestNGPractice" name="sample3Test" time="0.007"/>
  <testcase classname="praticeTestNG.TestNGPractice" name="sample3Test" time="0.019"/>
  <testcase classname="praticeTestNG.TestNGPractice" name="sample1Test">
    <skipped/>
  </testcase> <!-- sample1Test -->
</testsuite> <!-- praticeTestNG.TestNGPractice -->
