<?xml version="1.0" encoding="UTF-8"?>
<!-- Generated by org.testng.reporters.JUnitReportReporter -->
<testsuite hostname="DESKTOP-FI1EJ2S" failures="0" tests="2" name="praticeTestNG.CreateContactCrossBrowserTest" time="211.581" errors="0" timestamp="2023-11-01T11:58:35 IST" skipped="0">
  <testcase classname="praticeTestNG.CreateContactCrossBrowserTest" name="createContact" time="104.605"/>
  <testcase classname="praticeTestNG.CreateContactCrossBrowserTest" name="createContact" time="106.976"/>
</testsuite> <!-- praticeTestNG.CreateContactCrossBrowserTest -->
