<?xml version="1.0" encoding="UTF-8"?>
<!-- Generated by org.testng.reporters.JUnitReportReporter -->
<testsuite hostname="DESKTOP-FI1EJ2S" failures="0" tests="1" name="praticeTestNG.CreateContactWithOrgTest1" time="155.350" errors="0" timestamp="2023-11-01T10:26:43 IST" skipped="0">
  <testcase classname="praticeTestNG.CreateContactWithOrgTest1" name="createContWithOrgTest" time="155.350"/>
</testsuite> <!-- praticeTestNG.CreateContactWithOrgTest1 -->
