<?xml version="1.0" encoding="UTF-8"?>
<!-- Generated by org.testng.reporters.JUnitReportReporter -->
<testsuite hostname="DESKTOP-FI1EJ2S" failures="0" tests="1" name="organizationsTest.CreateOrgWithIndtryAndTypeTestWithBaseClass" time="38.539" errors="0" timestamp="2023-10-29T13:00:23 IST" skipped="0">
  <testcase classname="organizationsTest.CreateOrgWithIndtryAndTypeTestWithBaseClass" name="createOrgWithIndAndTyp" time="38.539"/>
</testsuite> <!-- organizationsTest.CreateOrgWithIndtryAndTypeTestWithBaseClass -->
