<?xml version="1.0" encoding="UTF-8"?>
<!-- Generated by org.testng.reporters.JUnitReportReporter -->
<testsuite hostname="DESKTOP-FI1EJ2S" failures="0" tests="1" name="praticeTestNG.CreateContactTest" time="128.093" errors="0" timestamp="2023-10-19T11:45:17 IST" skipped="0">
  <testcase classname="praticeTestNG.CreateContactTest" name="createContactTest" time="128.093"/>
</testsuite> <!-- praticeTestNG.CreateContactTest -->
