<?xml version="1.0" encoding="UTF-8"?>
<!-- Generated by org.testng.reporters.JUnitReportReporter -->
<testsuite hostname="DESKTOP-FI1EJ2S" failures="0" tests="5" name="contactsTest.CreateMultipleContactsTestWithBaseClass" time="880.057" errors="0" timestamp="2023-10-31T09:22:08 IST" skipped="0">
  <testcase classname="contactsTest.CreateMultipleContactsTestWithBaseClass" name="readData" time="146.175"/>
  <testcase classname="contactsTest.CreateMultipleContactsTestWithBaseClass" name="readData" time="253.832"/>
  <testcase classname="contactsTest.CreateMultipleContactsTestWithBaseClass" name="readData" time="148.438"/>
  <testcase classname="contactsTest.CreateMultipleContactsTestWithBaseClass" name="readData" time="142.384"/>
  <testcase classname="contactsTest.CreateMultipleContactsTestWithBaseClass" name="readData" time="189.228"/>
</testsuite> <!-- contactsTest.CreateMultipleContactsTestWithBaseClass -->
