<?xml version="1.0" encoding="UTF-8"?>
<!-- Generated by org.testng.reporters.JUnitReportReporter -->
<testsuite hostname="DESKTOP-FI1EJ2S" failures="0" tests="1" name="organizationsTest.CreateOrgWithIndtryAndTypeTest" time="46.120" errors="0" timestamp="2023-10-31T10:59:01 IST" skipped="0">
  <testcase classname="organizationsTest.CreateOrgWithIndtryAndTypeTest" name="createOrgWithIndAndTyp" time="46.120"/>
</testsuite> <!-- organizationsTest.CreateOrgWithIndtryAndTypeTest -->
