<?xml version="1.0" encoding="UTF-8"?>
<!-- Generated by org.testng.reporters.JUnitReportReporter -->
<testsuite hostname="DESKTOP-FI1EJ2S" failures="0" tests="1" name="organizationsTest.CreateOrgWithIndstryTestWithBaseClass" time="39.632" errors="0" timestamp="2023-10-29T12:59:17 IST" skipped="0">
  <testcase classname="organizationsTest.CreateOrgWithIndstryTestWithBaseClass" name="createOrgWithIndstry" time="39.632"/>
</testsuite> <!-- organizationsTest.CreateOrgWithIndstryTestWithBaseClass -->
