<?xml version="1.0" encoding="UTF-8"?>
<!-- Generated by org.testng.reporters.JUnitReportReporter -->
<testsuite hostname="DESKTOP-FI1EJ2S" failures="0" tests="1" name="organizationsTest.CreateOrganizationTestWithBaseClass" time="85.500" errors="0" timestamp="2023-10-29T12:57:48 IST" skipped="0">
  <testcase classname="organizationsTest.CreateOrganizationTestWithBaseClass" name="createOrganization" time="85.500"/>
</testsuite> <!-- organizationsTest.CreateOrganizationTestWithBaseClass -->
