<?xml version="1.0" encoding="UTF-8"?>
<!-- Generated by org.testng.reporters.JUnitReportReporter -->
<testsuite hostname="DESKTOP-FI1EJ2S" failures="0" tests="4" name="praticeTestNG.TestNGPractice" time="0.054" errors="0" timestamp="2023-11-10T11:11:35 IST" skipped="1">
  <testcase classname="praticeTestNG.TestNGPractice" name="sample3Test" time="0.039"/>
  <testcase classname="praticeTestNG.TestNGPractice" name="sample3Test" time="0.011"/>
  <testcase classname="praticeTestNG.TestNGPractice" name="sample3Test" time="0.004"/>
  <testcase classname="praticeTestNG.TestNGPractice" name="sample1Test">
    <skipped/>
  </testcase> <!-- sample1Test -->
</testsuite> <!-- praticeTestNG.TestNGPractice -->
