<?xml version="1.0" encoding="UTF-8"?>
<!-- Generated by org.testng.reporters.JUnitReportReporter -->
<testsuite hostname="DESKTOP-FI1EJ2S" failures="0" tests="5" name="contactsTest.CreateMultipleContactsTest" time="198.952" errors="0" timestamp="2023-10-31T10:59:01 IST" skipped="0">
  <testcase classname="contactsTest.CreateMultipleContactsTest" name="readData" time="40.904"/>
  <testcase classname="contactsTest.CreateMultipleContactsTest" name="readData" time="37.771"/>
  <testcase classname="contactsTest.CreateMultipleContactsTest" name="readData" time="42.041"/>
  <testcase classname="contactsTest.CreateMultipleContactsTest" name="readData" time="39.352"/>
  <testcase classname="contactsTest.CreateMultipleContactsTest" name="readData" time="38.884"/>
</testsuite> <!-- contactsTest.CreateMultipleContactsTest -->
