<?xml version="1.0" encoding="UTF-8"?>
<!-- Generated by org.testng.reporters.JUnitReportReporter -->
<testsuite hostname="DESKTOP-FI1EJ2S" failures="0" tests="1" name="contactsTest.CreateContactWithOrgTestWithBaseClass" time="68.834" errors="0" timestamp="2023-10-31T09:06:48 IST" skipped="0">
  <testcase classname="contactsTest.CreateContactWithOrgTestWithBaseClass" name="createContactWithOrg" time="68.834"/>
</testsuite> <!-- contactsTest.CreateContactWithOrgTestWithBaseClass -->
