<?xml version="1.0" encoding="UTF-8"?>
<!-- Generated by org.testng.reporters.JUnitReportReporter -->
<testsuite hostname="DESKTOP-FI1EJ2S" failures="0" tests="1" name="praticeTestNG.CreateContactTest1" time="100.558" errors="0" timestamp="2023-11-10T11:14:50 IST" skipped="0">
  <testcase classname="praticeTestNG.CreateContactTest1" name="createContactTest" time="100.558"/>
</testsuite> <!-- praticeTestNG.CreateContactTest1 -->
