<?xml version="1.0" encoding="UTF-8"?>
<!-- Generated by org.testng.reporters.JUnitReportReporter -->
<testsuite hostname="DESKTOP-FI1EJ2S" failures="0" tests="1" name="contactsTest.CreateContactWithOrgTest" time="178.943" errors="0" timestamp="2023-11-01T11:18:10 IST" skipped="0">
  <testcase classname="contactsTest.CreateContactWithOrgTest" name="createContactWithOrg" time="178.943"/>
</testsuite> <!-- contactsTest.CreateContactWithOrgTest -->
