<?xml version="1.0" encoding="UTF-8"?>
<!-- Generated by org.testng.reporters.JUnitReportReporter -->
<testsuite hostname="DESKTOP-FI1EJ2S" failures="0" tests="3" name="praticeTestNG.DataProvidePractice" time="0.081" errors="0" timestamp="2023-10-26T11:08:38 IST" skipped="0">
  <testcase classname="praticeTestNG.DataProvidePractice" name="readData" time="0.007"/>
  <testcase classname="praticeTestNG.DataProvidePractice" name="readData" time="0.055"/>
  <testcase classname="praticeTestNG.DataProvidePractice" name="readData" time="0.019"/>
</testsuite> <!-- praticeTestNG.DataProvidePractice -->
