<?xml version="1.0" encoding="UTF-8"?>
<!-- Generated by org.testng.reporters.JUnitReportReporter -->
<testsuite hostname="DESKTOP-FI1EJ2S" failures="0" tests="1" name="contactsTest.CreateContactTestWithBaseClass" time="103.075" errors="0" timestamp="2023-10-30T11:58:34 IST" skipped="0">
  <testcase classname="contactsTest.CreateContactTestWithBaseClass" name="createContact" time="103.075"/>
</testsuite> <!-- contactsTest.CreateContactTestWithBaseClass -->
